This file contains any messages produced by compilers while
running configure, to aid debugging if configure makes a mistake.

It was created by iperf configure 3.13, which was
generated by GNU Autoconf 2.71.  Invocation command line was

  $ ./configure --host=riscv64-linux-musl 'CC=riscv64-linux-gnu-gcc -g' CFLAGS=-g --enable-static-bin --without-sctp

## --------- ##
## Platform. ##
## --------- ##

hostname = 087c753d2909
uname -m = x86_64
uname -r = 5.15.90.1-microsoft-standard-WSL2
uname -s = Linux
uname -v = #1 SMP Fri Jan 27 02:56:13 UTC 2023

/usr/bin/uname -p = x86_64
/bin/uname -X     = unknown

/bin/arch              = x86_64
/usr/bin/arch -k       = unknown
/usr/convex/getsysinfo = unknown
/usr/bin/hostinfo      = unknown
/bin/machine           = unknown
/usr/bin/oslevel       = unknown
/bin/universe          = unknown

PATH: /qemu/bin/
PATH: /usr/local/sbin/
PATH: /usr/local/bin/
PATH: /usr/sbin/
PATH: /usr/bin/
PATH: /sbin/
PATH: /bin/
PATH: /opt/kendryte-toolchain/bin/
PATH: /root/.cargo/bin/
PATH: /opt/riscv64--musl--bleeding-edge-2020.08-1/bin/


## ----------- ##
## Core tests. ##
## ----------- ##

configure:2434: looking for aux files: compile config.guess config.sub ltmain.sh missing install-sh
configure:2447:  trying ./config/
configure:2476:   ./config/compile found
configure:2476:   ./config/config.guess found
configure:2476:   ./config/config.sub found
configure:2476:   ./config/ltmain.sh found
configure:2476:   ./config/missing found
configure:2458:   ./config/install-sh found
configure:2703: checking for a BSD-compatible install
configure:2776: result: /usr/bin/install -c
configure:2787: checking whether build environment is sane
configure:2842: result: yes
configure:2896: checking for riscv64-linux-musl-strip
configure:2931: result: no
configure:2941: checking for strip
configure:2962: found /usr/bin/strip
configure:2973: result: strip
configure:2999: checking for a race-free mkdir -p
configure:3043: result: /usr/bin/mkdir -p
configure:3050: checking for gawk
configure:3071: found /usr/bin/gawk
configure:3082: result: gawk
configure:3093: checking whether make sets $(MAKE)
configure:3116: result: yes
configure:3146: checking whether make supports nested variables
configure:3164: result: yes
configure:3312: checking whether make supports nested variables
configure:3330: result: yes
configure:3373: checking build system type
configure:3388: result: x86_64-pc-linux-gnu
configure:3408: checking host system type
configure:3422: result: riscv64-unknown-linux-musl
configure:3463: checking how to print strings
configure:3490: result: printf
configure:3524: checking whether make supports the include directive
configure:3539: make -f confmf.GNU && cat confinc.out
make[1]: Entering directory '/code/iperf'
make[1]: Leaving directory '/code/iperf'
this is the am__doit target
configure:3542: $? = 0
configure:3561: result: yes (GNU style)
configure:3592: checking for riscv64-linux-musl-gcc
configure:3624: result: riscv64-linux-gnu-gcc -g
configure:4022: checking for C compiler version
configure:4031: riscv64-linux-gnu-gcc -g --version >&5
riscv64-linux-gnu-gcc (Ubuntu 9.4.0-1ubuntu1~20.04) 9.4.0
Copyright (C) 2019 Free Software Foundation, Inc.
This is free software; see the source for copying conditions.  There is NO
warranty; not even for MERCHANTABILITY or FITNESS FOR A PARTICULAR PURPOSE.

configure:4042: $? = 0
configure:4031: riscv64-linux-gnu-gcc -g -v >&5
Using built-in specs.
COLLECT_GCC=riscv64-linux-gnu-gcc
COLLECT_LTO_WRAPPER=/usr/lib/gcc-cross/riscv64-linux-gnu/9/lto-wrapper
Target: riscv64-linux-gnu
Configured with: ../src/configure -v --with-pkgversion='Ubuntu 9.4.0-1ubuntu1~20.04' --with-bugurl=file:///usr/share/doc/gcc-9/README.Bugs --enable-languages=c,ada,c++,go,d,fortran,objc,obj-c++,gm2 --prefix=/usr --with-gcc-major-version-only --program-suffix=-9 --enable-shared --enable-linker-build-id --libexecdir=/usr/lib --without-included-gettext --enable-threads=posix --libdir=/usr/lib --enable-nls --with-sysroot=/ --enable-clocale=gnu --enable-libstdcxx-debug --enable-libstdcxx-time=yes --with-default-libstdcxx-abi=new --enable-gnu-unique-object --disable-libitm --disable-libsanitizer --disable-libquadmath --disable-libquadmath-support --enable-plugin --enable-default-pie --with-system-zlib --without-target-system-zlib --enable-libpth-m2 --enable-multiarch --disable-werror --disable-multilib --with-arch=rv64imafdc --with-abi=lp64d --enable-checking=release --build=x86_64-linux-gnu --host=x86_64-linux-gnu --target=riscv64-linux-gnu --program-prefix=riscv64-linux-gnu- --includedir=/usr/riscv64-linux-gnu/include
Thread model: posix
gcc version 9.4.0 (Ubuntu 9.4.0-1ubuntu1~20.04) 
configure:4042: $? = 0
configure:4031: riscv64-linux-gnu-gcc -g -V >&5
riscv64-linux-gnu-gcc: error: unrecognized command line option '-V'
riscv64-linux-gnu-gcc: fatal error: no input files
compilation terminated.
configure:4042: $? = 1
configure:4031: riscv64-linux-gnu-gcc -g -qversion >&5
riscv64-linux-gnu-gcc: error: unrecognized command line option '-qversion'; did you mean '--version'?
riscv64-linux-gnu-gcc: fatal error: no input files
compilation terminated.
configure:4042: $? = 1
configure:4031: riscv64-linux-gnu-gcc -g -version >&5
riscv64-linux-gnu-gcc: error: unrecognized command line option '-version'
riscv64-linux-gnu-gcc: fatal error: no input files
compilation terminated.
configure:4042: $? = 1
configure:4062: checking whether the C compiler works
configure:4084: riscv64-linux-gnu-gcc -g -g   --static conftest.c  >&5
configure:4088: $? = 0
configure:4138: result: yes
configure:4141: checking for C compiler default output file name
configure:4143: result: a.out
configure:4149: checking for suffix of executables
configure:4156: riscv64-linux-gnu-gcc -g -o conftest -g   --static conftest.c  >&5
configure:4160: $? = 0
configure:4183: result: 
configure:4205: checking whether we are cross compiling
configure:4213: riscv64-linux-gnu-gcc -g -o conftest -g   --static conftest.c  >&5
configure:4217: $? = 0
configure:4224: ./conftest
./configure: line 4226: ./conftest: cannot execute binary file: Exec format error
configure:4228: $? = 126
configure:4216: result: yes
configure:4221: checking for suffix of object files
configure:4244: riscv64-linux-gnu-gcc -g -c -g  conftest.c >&5
configure:4248: $? = 0
configure:4270: result: o
configure:4274: checking whether the compiler supports GNU C
configure:4294: riscv64-linux-gnu-gcc -g -c -g  conftest.c >&5
configure:4294: $? = 0
configure:4304: result: yes
configure:4315: checking whether riscv64-linux-gnu-gcc -g accepts -g
configure:4336: riscv64-linux-gnu-gcc -g -c -g  conftest.c >&5
configure:4336: $? = 0
configure:4380: result: yes
configure:4400: checking for riscv64-linux-gnu-gcc -g option to enable C11 features
configure:4415: riscv64-linux-gnu-gcc -g  -c -g  conftest.c >&5
configure:4415: $? = 0
configure:4433: result: none needed
configure:4549: checking whether riscv64-linux-gnu-gcc -g understands -c and -o together
configure:4572: riscv64-linux-gnu-gcc -g -c conftest.c -o conftest2.o
configure:4575: $? = 0
configure:4572: riscv64-linux-gnu-gcc -g -c conftest.c -o conftest2.o
configure:4575: $? = 0
configure:4587: result: yes
configure:4606: checking dependency style of riscv64-linux-gnu-gcc -g
configure:4718: result: gcc3
configure:4733: checking for a sed that does not truncate output
configure:4803: result: /usr/bin/sed
configure:4821: checking for grep that handles long lines and -e
configure:4885: result: /usr/bin/grep
configure:4890: checking for egrep
configure:4958: result: /usr/bin/grep -E
configure:4963: checking for fgrep
configure:5031: result: /usr/bin/grep -F
configure:5067: checking for ld used by riscv64-linux-gnu-gcc -g
configure:5135: result: /usr/riscv64-linux-gnu/bin/ld
configure:5142: checking if the linker (/usr/riscv64-linux-gnu/bin/ld) is GNU ld
configure:5158: result: yes
configure:5170: checking for BSD- or MS-compatible name lister (nm)
configure:5225: result: no
configure:5239: checking for riscv64-linux-musl-dumpbin
configure:5274: result: no
configure:5239: checking for riscv64-linux-musl-link
configure:5274: result: no
configure:5288: checking for dumpbin
configure:5323: result: no
configure:5288: checking for link
configure:5309: found /usr/bin/link
configure:5320: result: link -dump
configure:5336: WARNING: using cross tools not prefixed with host triplet
configure:5365: checking the name lister (nm) interface
configure:5373: riscv64-linux-gnu-gcc -g -c -g  conftest.c >&5
configure:5376: nm "conftest.o"
configure:5379: output
0000000000000025 N .LASF0
000000000000001a N .LASF1
0000000000000000 N .LASF2
000000000000000c N .LASF3
0000000000000000 N .Ldebug_abbrev0
0000000000000000 N .Ldebug_info0
0000000000000000 N .Ldebug_line0
0000000000000000 B some_variable
configure:5380: result: BSD nm
configure:5383: checking whether ln -s works
configure:5387: result: yes
configure:5395: checking the maximum length of command line arguments
configure:5527: result: 1572864
configure:5575: checking how to convert x86_64-pc-linux-gnu file names to riscv64-unknown-linux-musl format
configure:5616: result: func_convert_file_noop
configure:5623: checking how to convert x86_64-pc-linux-gnu file names to toolchain format
configure:5644: result: func_convert_file_noop
configure:5651: checking for /usr/riscv64-linux-gnu/bin/ld option to reload object files
configure:5659: result: -r
configure:5693: checking for riscv64-linux-musl-file
configure:5728: result: no
configure:5738: checking for file
configure:5759: found /usr/bin/file
configure:5770: result: file
configure:5801: checking for riscv64-linux-musl-objdump
configure:5836: result: no
configure:5846: checking for objdump
configure:5867: found /usr/bin/objdump
configure:5878: result: objdump
configure:5910: checking how to recognize dependent libraries
configure:6111: result: pass_all
configure:6156: checking for riscv64-linux-musl-dlltool
configure:6191: result: no
configure:6201: checking for dlltool
configure:6236: result: no
configure:6266: checking how to associate runtime and link libraries
configure:6294: result: printf %s\n
configure:6311: checking for riscv64-linux-musl-ar
configure:6346: result: no
configure:6360: checking for ar
configure:6381: found /usr/bin/ar
configure:6392: result: ar
configure:6445: checking for archiver @FILE support
configure:6463: riscv64-linux-gnu-gcc -g -c -g  conftest.c >&5
configure:6463: $? = 0
configure:6467: ar cr libconftest.a @conftest.lst >&5
configure:6470: $? = 0
configure:6475: ar cr libconftest.a @conftest.lst >&5
ar: conftest.o: No such file or directory
configure:6478: $? = 1
configure:6477: result: @
configure:6495: checking for riscv64-linux-musl-strip
configure:6527: result: strip
configure:6604: checking for riscv64-linux-musl-ranlib
configure:6639: result: no
configure:6649: checking for ranlib
configure:6670: found /usr/bin/ranlib
configure:6681: result: ranlib
configure:6783: checking command to parse nm output from riscv64-linux-gnu-gcc -g object
configure:6937: riscv64-linux-gnu-gcc -g -c -g  conftest.c >&5
configure:6940: $? = 0
configure:6944: nm conftest.o \| /usr/bin/sed -n -e 's/^.*[ ]\([ABCDGIRSTW][ABCDGIRSTW]*\)[ ][ ]*\([_A-Za-z][_A-Za-z0-9]*\)$/\1 \2 \2/p' | /usr/bin/sed '/ __gnu_lto/d' \> conftest.nm
configure:6947: $? = 0
configure:7013: riscv64-linux-gnu-gcc -g -o conftest -g   --static conftest.c conftstm.o >&5
configure:7016: $? = 0
configure:7054: result: ok
configure:7101: checking for sysroot
configure:7132: result: no
configure:7139: checking for a working dd
configure:7183: result: /usr/bin/dd
configure:7187: checking how to truncate binary pipes
configure:7203: result: /usr/bin/dd bs=4096 count=1
configure:7495: checking for riscv64-linux-musl-mt
configure:7530: result: no
configure:7540: checking for mt
configure:7561: found /usr/bin/mt
configure:7572: result: mt
configure:7595: checking if mt is a manifest tool
configure:7602: mt '-?'
configure:7610: result: no
configure:8335: checking for stdio.h
configure:8335: riscv64-linux-gnu-gcc -g -c -g  conftest.c >&5
configure:8335: $? = 0
configure:8335: result: yes
configure:8335: checking for stdlib.h
configure:8335: riscv64-linux-gnu-gcc -g -c -g  conftest.c >&5
configure:8335: $? = 0
configure:8335: result: yes
configure:8335: checking for string.h
configure:8335: riscv64-linux-gnu-gcc -g -c -g  conftest.c >&5
configure:8335: $? = 0
configure:8335: result: yes
configure:8335: checking for inttypes.h
configure:8335: riscv64-linux-gnu-gcc -g -c -g  conftest.c >&5
configure:8335: $? = 0
configure:8335: result: yes
configure:8335: checking for stdint.h
configure:8335: riscv64-linux-gnu-gcc -g -c -g  conftest.c >&5
configure:8335: $? = 0
configure:8335: result: yes
configure:8335: checking for strings.h
configure:8335: riscv64-linux-gnu-gcc -g -c -g  conftest.c >&5
configure:8335: $? = 0
configure:8335: result: yes
configure:8335: checking for sys/stat.h
configure:8335: riscv64-linux-gnu-gcc -g -c -g  conftest.c >&5
configure:8335: $? = 0
configure:8335: result: yes
configure:8335: checking for sys/types.h
configure:8335: riscv64-linux-gnu-gcc -g -c -g  conftest.c >&5
configure:8335: $? = 0
configure:8335: result: yes
configure:8335: checking for unistd.h
configure:8335: riscv64-linux-gnu-gcc -g -c -g  conftest.c >&5
configure:8335: $? = 0
configure:8335: result: yes
configure:8360: checking for dlfcn.h
configure:8360: riscv64-linux-gnu-gcc -g -c -g  conftest.c >&5
configure:8360: $? = 0
configure:8360: result: yes
configure:8619: checking for objdir
configure:8635: result: .libs
configure:8895: checking if riscv64-linux-gnu-gcc -g supports -fno-rtti -fno-exceptions
configure:8914: riscv64-linux-gnu-gcc -g -c -g  -fno-rtti -fno-exceptions conftest.c >&5
cc1: warning: command line option '-fno-rtti' is valid for C++/D/ObjC++ but not for C
configure:8918: $? = 0
configure:8931: result: no
configure:9289: checking for riscv64-linux-gnu-gcc -g option to produce PIC
configure:9297: result: -fPIC -DPIC
configure:9305: checking if riscv64-linux-gnu-gcc -g PIC flag -fPIC -DPIC works
configure:9324: riscv64-linux-gnu-gcc -g -c -g  -fPIC -DPIC -DPIC conftest.c >&5
configure:9328: $? = 0
configure:9341: result: yes
configure:9370: checking if riscv64-linux-gnu-gcc -g static flag -static works
configure:9399: result: yes
configure:9414: checking if riscv64-linux-gnu-gcc -g supports -c -o file.o
configure:9436: riscv64-linux-gnu-gcc -g -c -g  -o out/conftest2.o conftest.c >&5
configure:9440: $? = 0
configure:9462: result: yes
configure:9470: checking if riscv64-linux-gnu-gcc -g supports -c -o file.o
configure:9518: result: yes
configure:9551: checking whether the riscv64-linux-gnu-gcc -g linker (/usr/riscv64-linux-gnu/bin/ld) supports shared libraries
configure:10819: result: yes
configure:11060: checking dynamic linker characteristics
configure:11642: riscv64-linux-gnu-gcc -g -o conftest -g   --static -Wl,-rpath -Wl,/foo conftest.c  >&5
configure:11642: $? = 0
configure:11881: result: GNU/Linux ld.so
configure:12003: checking how to hardcode library paths into programs
configure:12028: result: immediate
configure:12580: checking whether stripping libraries is possible
configure:12589: result: yes
configure:12631: checking if libtool supports shared libraries
configure:12633: result: yes
configure:12636: checking whether to build shared libraries
configure:12661: result: no
configure:12664: checking whether to build static libraries
configure:12668: result: yes
configure:9470: checking whether to enable maintainer-specific portions of Makefiles
configure:9480: result: no
configure:9508: checking for riscv64-linux-musl-gcc
configure:9540: result: riscv64-linux-gnu-gcc -g
configure:9938: checking for C compiler version
configure:9947: riscv64-linux-gnu-gcc -g --version >&5
riscv64-linux-gnu-gcc (Ubuntu 9.4.0-1ubuntu1~20.04) 9.4.0
Copyright (C) 2019 Free Software Foundation, Inc.
This is free software; see the source for copying conditions.  There is NO
warranty; not even for MERCHANTABILITY or FITNESS FOR A PARTICULAR PURPOSE.

configure:9958: $? = 0
configure:9947: riscv64-linux-gnu-gcc -g -v >&5
Using built-in specs.
COLLECT_GCC=riscv64-linux-gnu-gcc
COLLECT_LTO_WRAPPER=/usr/lib/gcc-cross/riscv64-linux-gnu/9/lto-wrapper
Target: riscv64-linux-gnu
Configured with: ../src/configure -v --with-pkgversion='Ubuntu 9.4.0-1ubuntu1~20.04' --with-bugurl=file:///usr/share/doc/gcc-9/README.Bugs --enable-languages=c,ada,c++,go,d,fortran,objc,obj-c++,gm2 --prefix=/usr --with-gcc-major-version-only --program-suffix=-9 --enable-shared --enable-linker-build-id --libexecdir=/usr/lib --without-included-gettext --enable-threads=posix --libdir=/usr/lib --enable-nls --with-sysroot=/ --enable-clocale=gnu --enable-libstdcxx-debug --enable-libstdcxx-time=yes --with-default-libstdcxx-abi=new --enable-gnu-unique-object --disable-libitm --disable-libsanitizer --disable-libquadmath --disable-libquadmath-support --enable-plugin --enable-default-pie --with-system-zlib --without-target-system-zlib --enable-libpth-m2 --enable-multiarch --disable-werror --disable-multilib --with-arch=rv64imafdc --with-abi=lp64d --enable-checking=release --build=x86_64-linux-gnu --host=x86_64-linux-gnu --target=riscv64-linux-gnu --program-prefix=riscv64-linux-gnu- --includedir=/usr/riscv64-linux-gnu/include
Thread model: posix
gcc version 9.4.0 (Ubuntu 9.4.0-1ubuntu1~20.04) 
configure:9958: $? = 0
configure:9947: riscv64-linux-gnu-gcc -g -V >&5
riscv64-linux-gnu-gcc: error: unrecognized command line option '-V'
riscv64-linux-gnu-gcc: fatal error: no input files
compilation terminated.
configure:9958: $? = 1
configure:9947: riscv64-linux-gnu-gcc -g -qversion >&5
riscv64-linux-gnu-gcc: error: unrecognized command line option '-qversion'; did you mean '--version'?
riscv64-linux-gnu-gcc: fatal error: no input files
compilation terminated.
configure:9958: $? = 1
configure:9947: riscv64-linux-gnu-gcc -g -version >&5
riscv64-linux-gnu-gcc: error: unrecognized command line option '-version'
riscv64-linux-gnu-gcc: fatal error: no input files
compilation terminated.
configure:9958: $? = 1
configure:9962: checking whether the compiler supports GNU C
configure:9992: result: yes
configure:10003: checking whether riscv64-linux-gnu-gcc -g accepts -g
configure:10068: result: yes
configure:10088: checking for riscv64-linux-gnu-gcc -g option to enable C11 features
configure:10121: result: none needed
configure:10237: checking whether riscv64-linux-gnu-gcc -g understands -c and -o together
configure:10275: result: yes
configure:10294: checking dependency style of riscv64-linux-gnu-gcc -g
configure:10406: result: gcc3
configure:10424: checking for riscv64-linux-musl-ranlib
configure:10456: result: ranlib
configure:10523: checking whether ln -s works
configure:10527: result: yes
configure:10558: checking for library containing floor
configure:10588: riscv64-linux-gnu-gcc -g -o conftest -g -Wall   --static conftest.c  >&5
conftest.c:27:6: warning: conflicting types for built-in function 'floor'; expected 'double(double)' [-Wbuiltin-declaration-mismatch]
   27 | char floor ();
      |      ^~~~~
conftest.c:1:1: note: 'floor' is declared in header '<math.h>'
    1 | /* confdefs.h */
/usr/lib/gcc-cross/riscv64-linux-gnu/9/../../../../riscv64-linux-gnu/bin/ld: /tmp/ccJJYMuT.o: in function `main':
/code/iperf/conftest.c:31: undefined reference to `floor'
collect2: error: ld returned 1 exit status
configure:10588: $? = 1
configure: failed program was:
| /* confdefs.h */
| #define PACKAGE_NAME "iperf"
| #define PACKAGE_TARNAME "iperf"
| #define PACKAGE_VERSION "3.13"
| #define PACKAGE_STRING "iperf 3.13"
| #define PACKAGE_BUGREPORT "https://github.com/esnet/iperf"
| #define PACKAGE_URL "https://software.es.net/iperf/"
| #define PACKAGE "iperf"
| #define VERSION "3.13"
| #define HAVE_STDIO_H 1
| #define HAVE_STDLIB_H 1
| #define HAVE_STRING_H 1
| #define HAVE_INTTYPES_H 1
| #define HAVE_STDINT_H 1
| #define HAVE_STRINGS_H 1
| #define HAVE_SYS_STAT_H 1
| #define HAVE_SYS_TYPES_H 1
| #define HAVE_UNISTD_H 1
| #define STDC_HEADERS 1
| #define HAVE_DLFCN_H 1
| #define LT_OBJDIR ".libs/"
| /* end confdefs.h.  */
| 
| /* Override any GCC internal prototype to avoid an error.
|    Use char because int might match the return type of a GCC
|    builtin and then its argument prototype would still apply.  */
| char floor ();
| int
| main (void)
| {
| return floor ();
|   ;
|   return 0;
| }
configure:10588: riscv64-linux-gnu-gcc -g -o conftest -g -Wall   --static conftest.c -lm   >&5
conftest.c:27:6: warning: conflicting types for built-in function 'floor'; expected 'double(double)' [-Wbuiltin-declaration-mismatch]
   27 | char floor ();
      |      ^~~~~
conftest.c:1:1: note: 'floor' is declared in header '<math.h>'
    1 | /* confdefs.h */
configure:10588: $? = 0
configure:10608: result: -lm
configure:10624: checking for library containing socket
configure:10654: riscv64-linux-gnu-gcc -g -o conftest -g -Wall   --static conftest.c -lm  >&5
configure:10654: $? = 0
configure:10674: result: none required
configure:10690: checking for library containing inet_ntop
configure:10720: riscv64-linux-gnu-gcc -g -o conftest -g -Wall   --static conftest.c -lm  >&5
configure:10720: $? = 0
configure:10740: result: none required
configure:10756: checking for an ANSI C-conforming const
configure:10823: riscv64-linux-gnu-gcc -g -c -g -Wall  conftest.c >&5
configure:10823: $? = 0
configure:10831: result: yes
configure:10841: checking for poll.h
configure:10841: riscv64-linux-gnu-gcc -g -c -g -Wall  conftest.c >&5
configure:10841: $? = 0
configure:10841: result: yes
configure:10876: checking for linux/tcp.h
configure:10876: riscv64-linux-gnu-gcc -g -c -g -Wall  conftest.c >&5
configure:10876: $? = 0
configure:10876: result: yes
configure:11037: checking for endian.h
configure:11037: riscv64-linux-gnu-gcc -g -c -g -Wall  conftest.c >&5
configure:11037: $? = 0
configure:11037: result: yes
configure:11088: checking for riscv64-linux-musl-pkg-config
configure:11123: result: no
configure:11133: checking for pkg-config
configure:11168: result: no
configure:11212: checking for openssl/ssl.h in /usr/local/ssl
configure:11223: result: no
configure:11212: checking for openssl/ssl.h in /usr/lib/ssl
configure:11223: result: no
configure:11212: checking for openssl/ssl.h in /usr/ssl
configure:11223: result: no
configure:11212: checking for openssl/ssl.h in /usr/pkg
configure:11223: result: no
configure:11212: checking for openssl/ssl.h in /usr/local
configure:11223: result: no
configure:11212: checking for openssl/ssl.h in /usr
configure:11223: result: no
configure:11235: checking whether compiling and linking against OpenSSL works
Trying link with OPENSSL_LDFLAGS=; OPENSSL_LIBS=; OPENSSL_INCLUDES=
configure:11257: riscv64-linux-gnu-gcc -g -o conftest -g -Wall    --static  conftest.c  -lm  >&5
conftest.c:26:10: fatal error: openssl/ssl.h: No such file or directory
   26 | #include <openssl/ssl.h>
      |          ^~~~~~~~~~~~~~~
compilation terminated.
configure:11257: $? = 1
configure: failed program was:
| /* confdefs.h */
| #define PACKAGE_NAME "iperf"
| #define PACKAGE_TARNAME "iperf"
| #define PACKAGE_VERSION "3.13"
| #define PACKAGE_STRING "iperf 3.13"
| #define PACKAGE_BUGREPORT "https://github.com/esnet/iperf"
| #define PACKAGE_URL "https://software.es.net/iperf/"
| #define PACKAGE "iperf"
| #define VERSION "3.13"
| #define HAVE_STDIO_H 1
| #define HAVE_STDLIB_H 1
| #define HAVE_STRING_H 1
| #define HAVE_INTTYPES_H 1
| #define HAVE_STDINT_H 1
| #define HAVE_STRINGS_H 1
| #define HAVE_SYS_STAT_H 1
| #define HAVE_SYS_TYPES_H 1
| #define HAVE_UNISTD_H 1
| #define STDC_HEADERS 1
| #define HAVE_DLFCN_H 1
| #define LT_OBJDIR ".libs/"
| #define HAVE_POLL_H 1
| #define HAVE_LINUX_TCP_H 1
| #define HAVE_ENDIAN_H 1
| /* end confdefs.h.  */
| #include <openssl/ssl.h>
| int
| main (void)
| {
| SSL_new(NULL)
|   ;
|   return 0;
| }
configure:11269: result: no
configure:11303: checking TCP_CONGESTION socket option
configure:11320: riscv64-linux-gnu-gcc -g -c -g -Wall   conftest.c >&5
conftest.c: In function 'main':
conftest.c:30:5: warning: unused variable 'foo' [-Wunused-variable]
   30 | int foo = TCP_CONGESTION;
      |     ^~~
configure:11320: $? = 0
configure:11328: result: yes
configure:11337: checking TCP_USER_TIMEOUT socket option
configure:11354: riscv64-linux-gnu-gcc -g -c -g -Wall   conftest.c >&5
conftest.c: In function 'main':
conftest.c:31:5: warning: unused variable 'foo' [-Wunused-variable]
   31 | int foo = TCP_USER_TIMEOUT;
      |     ^~~
configure:11354: $? = 0
configure:11362: result: yes
configure:11374: checking IPv6 flowlabel support
configure:11392: riscv64-linux-gnu-gcc -g -c -g -Wall   conftest.c >&5
conftest.c: In function 'main':
conftest.c:33:5: warning: unused variable 'foo' [-Wunused-variable]
   33 | int foo = IPV6_FLOWLABEL_MGR;
      |     ^~~
configure:11392: $? = 0
configure:11400: result: yes
configure:11417: checking for cpuset_setaffinity
configure:11417: riscv64-linux-gnu-gcc -g -o conftest -g -Wall    --static  conftest.c  -lm  >&5
/usr/lib/gcc-cross/riscv64-linux-gnu/9/../../../../riscv64-linux-gnu/bin/ld: /tmp/ccOjeT14.o: in function `main':
/code/iperf/conftest.c:56: undefined reference to `cpuset_setaffinity'
collect2: error: ld returned 1 exit status
configure:11417: $? = 1
configure: failed program was:
| /* confdefs.h */
| #define PACKAGE_NAME "iperf"
| #define PACKAGE_TARNAME "iperf"
| #define PACKAGE_VERSION "3.13"
| #define PACKAGE_STRING "iperf 3.13"
| #define PACKAGE_BUGREPORT "https://github.com/esnet/iperf"
| #define PACKAGE_URL "https://software.es.net/iperf/"
| #define PACKAGE "iperf"
| #define VERSION "3.13"
| #define HAVE_STDIO_H 1
| #define HAVE_STDLIB_H 1
| #define HAVE_STRING_H 1
| #define HAVE_INTTYPES_H 1
| #define HAVE_STDINT_H 1
| #define HAVE_STRINGS_H 1
| #define HAVE_SYS_STAT_H 1
| #define HAVE_SYS_TYPES_H 1
| #define HAVE_UNISTD_H 1
| #define STDC_HEADERS 1
| #define HAVE_DLFCN_H 1
| #define LT_OBJDIR ".libs/"
| #define HAVE_POLL_H 1
| #define HAVE_LINUX_TCP_H 1
| #define HAVE_ENDIAN_H 1
| #define HAVE_TCP_CONGESTION 1
| #define HAVE_TCP_USER_TIMEOUT 1
| #define HAVE_FLOWLABEL 1
| /* end confdefs.h.  */
| /* Define cpuset_setaffinity to an innocuous variant, in case <limits.h> declares cpuset_setaffinity.
|    For example, HP-UX 11i <limits.h> declares gettimeofday.  */
| #define cpuset_setaffinity innocuous_cpuset_setaffinity
| 
| /* System header to define __stub macros and hopefully few prototypes,
|    which can conflict with char cpuset_setaffinity (); below.  */
| 
| #include <limits.h>
| #undef cpuset_setaffinity
| 
| /* Override any GCC internal prototype to avoid an error.
|    Use char because int might match the return type of a GCC
|    builtin and then its argument prototype would still apply.  */
| #ifdef __cplusplus
| extern "C"
| #endif
| char cpuset_setaffinity ();
| /* The GNU C library defines this for functions which it implements
|     to always fail with ENOSYS.  Some functions are actually named
|     something starting with __ and the normal name is an alias.  */
| #if defined __stub_cpuset_setaffinity || defined __stub___cpuset_setaffinity
| choke me
| #endif
| 
| int
| main (void)
| {
| return cpuset_setaffinity ();
|   ;
|   return 0;
| }
configure:11417: result: no
configure:11417: checking for sched_setaffinity
configure:11417: riscv64-linux-gnu-gcc -g -o conftest -g -Wall    --static  conftest.c  -lm  >&5
configure:11417: $? = 0
configure:11417: result: yes
configure:11417: checking for SetProcessAffinityMask
configure:11417: riscv64-linux-gnu-gcc -g -o conftest -g -Wall    --static  conftest.c  -lm  >&5
/usr/lib/gcc-cross/riscv64-linux-gnu/9/../../../../riscv64-linux-gnu/bin/ld: /tmp/ccUR9xVS.o: in function `main':
/code/iperf/conftest.c:58: undefined reference to `SetProcessAffinityMask'
collect2: error: ld returned 1 exit status
configure:11417: $? = 1
configure: failed program was:
| /* confdefs.h */
| #define PACKAGE_NAME "iperf"
| #define PACKAGE_TARNAME "iperf"
| #define PACKAGE_VERSION "3.13"
| #define PACKAGE_STRING "iperf 3.13"
| #define PACKAGE_BUGREPORT "https://github.com/esnet/iperf"
| #define PACKAGE_URL "https://software.es.net/iperf/"
| #define PACKAGE "iperf"
| #define VERSION "3.13"
| #define HAVE_STDIO_H 1
| #define HAVE_STDLIB_H 1
| #define HAVE_STRING_H 1
| #define HAVE_INTTYPES_H 1
| #define HAVE_STDINT_H 1
| #define HAVE_STRINGS_H 1
| #define HAVE_SYS_STAT_H 1
| #define HAVE_SYS_TYPES_H 1
| #define HAVE_UNISTD_H 1
| #define STDC_HEADERS 1
| #define HAVE_DLFCN_H 1
| #define LT_OBJDIR ".libs/"
| #define HAVE_POLL_H 1
| #define HAVE_LINUX_TCP_H 1
| #define HAVE_ENDIAN_H 1
| #define HAVE_TCP_CONGESTION 1
| #define HAVE_TCP_USER_TIMEOUT 1
| #define HAVE_FLOWLABEL 1
| #define HAVE_SCHED_SETAFFINITY 1
| #define HAVE_CPU_AFFINITY 1
| /* end confdefs.h.  */
| /* Define SetProcessAffinityMask to an innocuous variant, in case <limits.h> declares SetProcessAffinityMask.
|    For example, HP-UX 11i <limits.h> declares gettimeofday.  */
| #define SetProcessAffinityMask innocuous_SetProcessAffinityMask
| 
| /* System header to define __stub macros and hopefully few prototypes,
|    which can conflict with char SetProcessAffinityMask (); below.  */
| 
| #include <limits.h>
| #undef SetProcessAffinityMask
| 
| /* Override any GCC internal prototype to avoid an error.
|    Use char because int might match the return type of a GCC
|    builtin and then its argument prototype would still apply.  */
| #ifdef __cplusplus
| extern "C"
| #endif
| char SetProcessAffinityMask ();
| /* The GNU C library defines this for functions which it implements
|     to always fail with ENOSYS.  Some functions are actually named
|     something starting with __ and the normal name is an alias.  */
| #if defined __stub_SetProcessAffinityMask || defined __stub___SetProcessAffinityMask
| choke me
| #endif
| 
| int
| main (void)
| {
| return SetProcessAffinityMask ();
|   ;
|   return 0;
| }
configure:11417: result: no
configure:11431: checking for daemon
configure:11431: riscv64-linux-gnu-gcc -g -o conftest -g -Wall    --static  conftest.c  -lm  >&5
configure:11431: $? = 0
configure:11431: result: yes
configure:11442: checking for sendfile
configure:11442: riscv64-linux-gnu-gcc -g -o conftest -g -Wall    --static  conftest.c  -lm  >&5
configure:11442: $? = 0
configure:11442: result: yes
configure:11452: checking for getline
configure:11452: riscv64-linux-gnu-gcc -g -o conftest -g -Wall    --static  conftest.c  -lm  >&5
configure:11452: $? = 0
configure:11452: result: yes
configure:11461: checking SO_MAX_PACING_RATE socket option
configure:11478: riscv64-linux-gnu-gcc -g -c -g -Wall   conftest.c >&5
conftest.c: In function 'main':
conftest.c:38:5: warning: unused variable 'foo' [-Wunused-variable]
   38 | int foo = SO_MAX_PACING_RATE;
      |     ^~~
configure:11478: $? = 0
configure:11486: result: yes
configure:11495: checking SO_BINDTODEVICE socket option
configure:11512: riscv64-linux-gnu-gcc -g -c -g -Wall   conftest.c >&5
conftest.c: In function 'main':
conftest.c:39:5: warning: unused variable 'foo' [-Wunused-variable]
   39 | int foo = SO_BINDTODEVICE;
      |     ^~~
configure:11512: $? = 0
configure:11520: result: yes
configure:11529: checking IP_MTU_DISCOVER socket option
configure:11548: riscv64-linux-gnu-gcc -g -c -g -Wall   conftest.c >&5
conftest.c: In function 'main':
conftest.c:42:5: warning: unused variable 'foo' [-Wunused-variable]
   42 | int foo = IP_MTU_DISCOVER;
      |     ^~~
configure:11548: $? = 0
configure:11556: result: yes
configure:11565: checking IP_DONTFRAG socket option
configure:11584: riscv64-linux-gnu-gcc -g -c -g -Wall   conftest.c >&5
conftest.c: In function 'main':
conftest.c:43:11: error: 'IP_DONTFRAG' undeclared (first use in this function); did you mean 'IPV6_DONTFRAG'?
   43 | int foo = IP_DONTFRAG;
      |           ^~~~~~~~~~~
      |           IPV6_DONTFRAG
conftest.c:43:11: note: each undeclared identifier is reported only once for each function it appears in
conftest.c:43:5: warning: unused variable 'foo' [-Wunused-variable]
   43 | int foo = IP_DONTFRAG;
      |     ^~~
configure:11584: $? = 1
configure: failed program was:
| /* confdefs.h */
| #define PACKAGE_NAME "iperf"
| #define PACKAGE_TARNAME "iperf"
| #define PACKAGE_VERSION "3.13"
| #define PACKAGE_STRING "iperf 3.13"
| #define PACKAGE_BUGREPORT "https://github.com/esnet/iperf"
| #define PACKAGE_URL "https://software.es.net/iperf/"
| #define PACKAGE "iperf"
| #define VERSION "3.13"
| #define HAVE_STDIO_H 1
| #define HAVE_STDLIB_H 1
| #define HAVE_STRING_H 1
| #define HAVE_INTTYPES_H 1
| #define HAVE_STDINT_H 1
| #define HAVE_STRINGS_H 1
| #define HAVE_SYS_STAT_H 1
| #define HAVE_SYS_TYPES_H 1
| #define HAVE_UNISTD_H 1
| #define STDC_HEADERS 1
| #define HAVE_DLFCN_H 1
| #define LT_OBJDIR ".libs/"
| #define HAVE_POLL_H 1
| #define HAVE_LINUX_TCP_H 1
| #define HAVE_ENDIAN_H 1
| #define HAVE_TCP_CONGESTION 1
| #define HAVE_TCP_USER_TIMEOUT 1
| #define HAVE_FLOWLABEL 1
| #define HAVE_SCHED_SETAFFINITY 1
| #define HAVE_CPU_AFFINITY 1
| #define HAVE_DAEMON 1
| #define HAVE_SENDFILE 1
| #define HAVE_GETLINE 1
| #define HAVE_SO_MAX_PACING_RATE 1
| #define HAVE_SO_BINDTODEVICE 1
| #define HAVE_IP_MTU_DISCOVER 1
| /* end confdefs.h.  */
| #include <sys/types.h>
|                      #include <sys/socket.h>
|                      #include <netinet/in.h>
| int
| main (void)
| {
| int foo = IP_DONTFRAG;
|   ;
|   return 0;
| }
configure:11592: result: no
configure:11601: checking IP_DONTFRAGMENT socket option
configure:11620: riscv64-linux-gnu-gcc -g -c -g -Wall   conftest.c >&5
conftest.c: In function 'main':
conftest.c:43:11: error: 'IP_DONTFRAGMENT' undeclared (first use in this function); did you mean 'IPPROTO_FRAGMENT'?
   43 | int foo = IP_DONTFRAGMENT;
      |           ^~~~~~~~~~~~~~~
      |           IPPROTO_FRAGMENT
conftest.c:43:11: note: each undeclared identifier is reported only once for each function it appears in
conftest.c:43:5: warning: unused variable 'foo' [-Wunused-variable]
   43 | int foo = IP_DONTFRAGMENT;
      |     ^~~
configure:11620: $? = 1
configure: failed program was:
| /* confdefs.h */
| #define PACKAGE_NAME "iperf"
| #define PACKAGE_TARNAME "iperf"
| #define PACKAGE_VERSION "3.13"
| #define PACKAGE_STRING "iperf 3.13"
| #define PACKAGE_BUGREPORT "https://github.com/esnet/iperf"
| #define PACKAGE_URL "https://software.es.net/iperf/"
| #define PACKAGE "iperf"
| #define VERSION "3.13"
| #define HAVE_STDIO_H 1
| #define HAVE_STDLIB_H 1
| #define HAVE_STRING_H 1
| #define HAVE_INTTYPES_H 1
| #define HAVE_STDINT_H 1
| #define HAVE_STRINGS_H 1
| #define HAVE_SYS_STAT_H 1
| #define HAVE_SYS_TYPES_H 1
| #define HAVE_UNISTD_H 1
| #define STDC_HEADERS 1
| #define HAVE_DLFCN_H 1
| #define LT_OBJDIR ".libs/"
| #define HAVE_POLL_H 1
| #define HAVE_LINUX_TCP_H 1
| #define HAVE_ENDIAN_H 1
| #define HAVE_TCP_CONGESTION 1
| #define HAVE_TCP_USER_TIMEOUT 1
| #define HAVE_FLOWLABEL 1
| #define HAVE_SCHED_SETAFFINITY 1
| #define HAVE_CPU_AFFINITY 1
| #define HAVE_DAEMON 1
| #define HAVE_SENDFILE 1
| #define HAVE_GETLINE 1
| #define HAVE_SO_MAX_PACING_RATE 1
| #define HAVE_SO_BINDTODEVICE 1
| #define HAVE_IP_MTU_DISCOVER 1
| /* end confdefs.h.  */
| #include <sys/types.h>
|                      #include <sys/socket.h>
|                      #include <netinet/in.h>
| int
| main (void)
| {
| int foo = IP_DONTFRAGMENT;
|   ;
|   return 0;
| }
configure:11628: result: no
configure:11637: checking any kind of DF socket option
configure:11649: result: yes
configure:11661: checking for struct tcp_info.tcpi_snd_wnd
configure:11661: riscv64-linux-gnu-gcc -g -c -g -Wall   conftest.c >&5
configure:11661: $? = 0
configure:11661: result: yes
configure:11684: checking for library containing clock_gettime
configure:11714: riscv64-linux-gnu-gcc -g -o conftest -g -Wall    --static  conftest.c  -lm  >&5
configure:11714: $? = 0
configure:11734: result: none required
configure:11744: checking for clock_gettime
configure:11744: riscv64-linux-gnu-gcc -g -o conftest -g -Wall    --static  conftest.c  -lm  >&5
configure:11744: $? = 0
configure:11744: result: yes
configure:11859: checking that generated files are newer than configure
configure:11865: result: done
configure:11900: creating ./config.status

## ---------------------- ##
## Running config.status. ##
## ---------------------- ##

This file was extended by iperf config.status 3.13, which was
generated by GNU Autoconf 2.71.  Invocation command line was

  CONFIG_FILES    = 
  CONFIG_HEADERS  = 
  CONFIG_LINKS    = 
  CONFIG_COMMANDS = 
  $ ./config.status 

on 087c753d2909

config.status:1111: creating Makefile
config.status:1111: creating src/Makefile
config.status:1111: creating src/version.h
config.status:1111: creating examples/Makefile
config.status:1111: creating iperf3.spec
config.status:1111: creating src/iperf_config.h
config.status:1292: src/iperf_config.h is unchanged
config.status:1340: executing depfiles commands
config.status:1417: cd src       && sed -e '/# am--include-marker/d' Makefile         | make -f - am--depfiles
make[1]: Entering directory '/code/iperf/src'
make[1]: Nothing to be done for 'am--depfiles'.
make[1]: Leaving directory '/code/iperf/src'
config.status:1422: $? = 0
config.status:1417: cd examples       && sed -e '/# am--include-marker/d' Makefile         | make -f - am--depfiles
make[1]: Entering directory '/code/iperf/examples'
make[1]: Nothing to be done for 'am--depfiles'.
make[1]: Leaving directory '/code/iperf/examples'
config.status:1422: $? = 0
config.status:1340: executing libtool commands

## ---------------- ##
## Cache variables. ##
## ---------------- ##

ac_cv_build=x86_64-pc-linux-gnu
ac_cv_c_compiler_gnu=yes
ac_cv_c_const=yes
ac_cv_env_CC_set=set
ac_cv_env_CC_value='riscv64-linux-gnu-gcc -g'
ac_cv_env_CFLAGS_set=set
ac_cv_env_CFLAGS_value=-g
ac_cv_env_CPPFLAGS_set=
ac_cv_env_CPPFLAGS_value=
ac_cv_env_LDFLAGS_set=
ac_cv_env_LDFLAGS_value=
ac_cv_env_LIBS_set=
ac_cv_env_LIBS_value=
ac_cv_env_LT_SYS_LIBRARY_PATH_set=
ac_cv_env_LT_SYS_LIBRARY_PATH_value=
ac_cv_env_build_alias_set=
ac_cv_env_build_alias_value=
ac_cv_env_host_alias_set=set
ac_cv_env_host_alias_value=riscv64-linux-musl
ac_cv_env_target_alias_set=
ac_cv_env_target_alias_value=
ac_cv_func_SetProcessAffinityMask=no
ac_cv_func_clock_gettime=yes
ac_cv_func_cpuset_setaffinity=no
ac_cv_func_daemon=yes
ac_cv_func_getline=yes
ac_cv_func_sched_setaffinity=yes
ac_cv_func_sendfile=yes
ac_cv_header_dlfcn_h=yes
ac_cv_header_endian_h=yes
ac_cv_header_inttypes_h=yes
ac_cv_header_linux_tcp_h=yes
ac_cv_header_poll_h=yes
ac_cv_header_stdint_h=yes
ac_cv_header_stdio_h=yes
ac_cv_header_stdlib_h=yes
ac_cv_header_string_h=yes
ac_cv_header_strings_h=yes
ac_cv_header_sys_stat_h=yes
ac_cv_header_sys_types_h=yes
ac_cv_header_unistd_h=yes
ac_cv_host=riscv64-unknown-linux-musl
ac_cv_member_struct_tcp_info_tcpi_snd_wnd=yes
ac_cv_objext=o
ac_cv_path_EGREP='/usr/bin/grep -E'
ac_cv_path_FGREP='/usr/bin/grep -F'
ac_cv_path_GREP=/usr/bin/grep
ac_cv_path_SED=/usr/bin/sed
ac_cv_path_install='/usr/bin/install -c'
ac_cv_path_lt_DD=/usr/bin/dd
ac_cv_path_mkdir=/usr/bin/mkdir
ac_cv_prog_AWK=gawk
ac_cv_prog_CC='riscv64-linux-gnu-gcc -g'
ac_cv_prog_RANLIB=ranlib
ac_cv_prog_STRIP=strip
ac_cv_prog_ac_ct_AR=ar
ac_cv_prog_ac_ct_DUMPBIN='link -dump'
ac_cv_prog_ac_ct_FILECMD=file
ac_cv_prog_ac_ct_MANIFEST_TOOL=mt
ac_cv_prog_ac_ct_OBJDUMP=objdump
ac_cv_prog_ac_ct_RANLIB=ranlib
ac_cv_prog_ac_ct_STRIP=strip
ac_cv_prog_cc_c11=
ac_cv_prog_cc_g=yes
ac_cv_prog_cc_stdc=
ac_cv_prog_make_make_set=yes
ac_cv_search_clock_gettime='none required'
ac_cv_search_floor=-lm
ac_cv_search_inet_ntop='none required'
ac_cv_search_socket='none required'
am_cv_CC_dependencies_compiler_type=gcc3
am_cv_make_support_nested_variables=yes
am_cv_prog_cc_c_o=yes
iperf3_cv_header_dontfragment=yes
iperf3_cv_header_flowlabel=yes
iperf3_cv_header_ip_dontfrag=no
iperf3_cv_header_ip_dontfragment=no
iperf3_cv_header_ip_mtu_discover=yes
iperf3_cv_header_so_bindtodevice=yes
iperf3_cv_header_so_max_pacing_rate=yes
iperf3_cv_header_tcp_congestion=yes
iperf3_cv_header_tcp_info_snd_wnd=yes
iperf3_cv_header_tcp_user_timeout=yes
lt_cv_ar_at_file=@
lt_cv_deplibs_check_method=pass_all
lt_cv_file_magic_cmd='$MAGIC_CMD'
lt_cv_file_magic_test_file=
lt_cv_ld_reload_flag=-r
lt_cv_nm_interface='BSD nm'
lt_cv_objdir=.libs
lt_cv_path_LD=/usr/riscv64-linux-gnu/bin/ld
lt_cv_path_NM=no
lt_cv_path_mainfest_tool=no
lt_cv_prog_compiler_c_o=yes
lt_cv_prog_compiler_pic='-fPIC -DPIC'
lt_cv_prog_compiler_pic_works=yes
lt_cv_prog_compiler_rtti_exceptions=no
lt_cv_prog_compiler_static_works=yes
lt_cv_prog_gnu_ld=yes
lt_cv_sharedlib_from_linklib_cmd='printf %s\n'
lt_cv_shlibpath_overrides_runpath=no
lt_cv_sys_global_symbol_pipe='/usr/bin/sed -n -e '\''s/^.*[	 ]\([ABCDGIRSTW][ABCDGIRSTW]*\)[	 ][	 ]*\([_A-Za-z][_A-Za-z0-9]*\)$/\1 \2 \2/p'\'' | /usr/bin/sed '\''/ __gnu_lto/d'\'''
lt_cv_sys_global_symbol_to_c_name_address='/usr/bin/sed -n -e '\''s/^: \(.*\) .*$/  {"\1", (void *) 0},/p'\'' -e '\''s/^[ABCDGIRSTW][ABCDGIRSTW]* .* \(.*\)$/  {"\1", (void *) \&\1},/p'\'''
lt_cv_sys_global_symbol_to_c_name_address_lib_prefix='/usr/bin/sed -n -e '\''s/^: \(.*\) .*$/  {"\1", (void *) 0},/p'\'' -e '\''s/^[ABCDGIRSTW][ABCDGIRSTW]* .* \(lib.*\)$/  {"\1", (void *) \&\1},/p'\'' -e '\''s/^[ABCDGIRSTW][ABCDGIRSTW]* .* \(.*\)$/  {"lib\1", (void *) \&\1},/p'\'''
lt_cv_sys_global_symbol_to_cdecl='/usr/bin/sed -n -e '\''s/^T .* \(.*\)$/extern int \1();/p'\'' -e '\''s/^[ABCDGIRSTW][ABCDGIRSTW]* .* \(.*\)$/extern char \1;/p'\'''
lt_cv_sys_global_symbol_to_import=
lt_cv_sys_max_cmd_len=1572864
lt_cv_to_host_file_cmd=func_convert_file_noop
lt_cv_to_tool_file_cmd=func_convert_file_noop
lt_cv_truncate_bin='/usr/bin/dd bs=4096 count=1'

## ----------------- ##
## Output variables. ##
## ----------------- ##

ACLOCAL='${SHELL} '\''/code/iperf/config/missing'\'' aclocal-1.16'
AMDEPBACKSLASH='\'
AMDEP_FALSE='#'
AMDEP_TRUE=''
AMTAR='$${TAR-tar}'
AM_BACKSLASH='\'
AM_DEFAULT_V='$(AM_DEFAULT_VERBOSITY)'
AM_DEFAULT_VERBOSITY='0'
AM_V='$(V)'
AR='ar'
AUTOCONF='${SHELL} '\''/code/iperf/config/missing'\'' autoconf'
AUTOHEADER='${SHELL} '\''/code/iperf/config/missing'\'' autoheader'
AUTOMAKE='${SHELL} '\''/code/iperf/config/missing'\'' automake-1.16'
AWK='gawk'
CC='riscv64-linux-gnu-gcc -g'
CCDEPMODE='depmode=gcc3'
CFLAGS='-g -Wall'
CPPFLAGS=' '
CSCOPE='cscope'
CTAGS='ctags'
CYGPATH_W='echo'
DEFS='-DHAVE_CONFIG_H'
DEPDIR='.deps'
DLLTOOL='false'
DSYMUTIL=''
DUMPBIN=':'
ECHO_C=''
ECHO_N='-n'
ECHO_T=''
EGREP='/usr/bin/grep -E'
ENABLE_PROFILING_FALSE=''
ENABLE_PROFILING_TRUE='#'
ENABLE_STATIC_BIN_FALSE=''
ENABLE_STATIC_BIN_TRUE='#'
ETAGS='etags'
EXEEXT=''
FGREP='/usr/bin/grep -F'
FILECMD='file'
GREP='/usr/bin/grep'
INSTALL_DATA='${INSTALL} -m 644'
INSTALL_PROGRAM='${INSTALL}'
INSTALL_SCRIPT='${INSTALL}'
INSTALL_STRIP_PROGRAM='$(install_sh) -c -s'
LD='/usr/riscv64-linux-gnu/bin/ld'
LDFLAGS=' --static '
LIBOBJS=''
LIBS=' -lm '
LIBTOOL='$(SHELL) $(top_builddir)/libtool'
LIPO=''
LN_S='ln -s'
LTLIBOBJS=''
LT_SYS_LIBRARY_PATH=''
MAINT='#'
MAINTAINER_MODE_FALSE=''
MAINTAINER_MODE_TRUE='#'
MAKEINFO='${SHELL} '\''/code/iperf/config/missing'\'' makeinfo'
MANIFEST_TOOL=':'
MKDIR_P='/usr/bin/mkdir -p'
NM='nm'
NMEDIT=''
OBJDUMP='objdump'
OBJEXT='o'
OPENSSL_INCLUDES=''
OPENSSL_LDFLAGS=''
OPENSSL_LIBS=''
OTOOL64=''
OTOOL=''
PACKAGE='iperf'
PACKAGE_BUGREPORT='https://github.com/esnet/iperf'
PACKAGE_NAME='iperf'
PACKAGE_STRING='iperf 3.13'
PACKAGE_TARNAME='iperf'
PACKAGE_URL='https://software.es.net/iperf/'
PACKAGE_VERSION='3.13'
PATH_SEPARATOR=':'
PKG_CONFIG=''
RANLIB='ranlib'
SED='/usr/bin/sed'
SET_MAKE=''
SHELL='/bin/bash'
STRIP='strip'
VERSION='3.13'
ac_ct_AR='ar'
ac_ct_CC=''
ac_ct_DUMPBIN='link -dump'
am__EXEEXT_FALSE=''
am__EXEEXT_TRUE='#'
am__fastdepCC_FALSE='#'
am__fastdepCC_TRUE=''
am__include='include'
am__isrc=''
am__leading_dot='.'
am__nodep='_no'
am__quote=''
am__tar='$${TAR-tar} chof - "$$tardir"'
am__untar='$${TAR-tar} xf -'
bindir='${exec_prefix}/bin'
build='x86_64-pc-linux-gnu'
build_alias=''
build_cpu='x86_64'
build_os='linux-gnu'
build_vendor='pc'
datadir='${datarootdir}'
datarootdir='${prefix}/share'
docdir='${datarootdir}/doc/${PACKAGE_TARNAME}'
dvidir='${docdir}'
exec_prefix='${prefix}'
host='riscv64-unknown-linux-musl'
host_alias='riscv64-linux-musl'
host_cpu='riscv64'
host_os='linux-musl'
host_vendor='unknown'
htmldir='${docdir}'
includedir='${prefix}/include'
infodir='${datarootdir}/info'
install_sh='${SHELL} /code/iperf/config/install-sh'
libdir='${exec_prefix}/lib'
libexecdir='${exec_prefix}/libexec'
localedir='${datarootdir}/locale'
localstatedir='${prefix}/var'
mandir='${datarootdir}/man'
mkdir_p='$(MKDIR_P)'
oldincludedir='/usr/include'
pdfdir='${docdir}'
prefix='/usr/local'
program_transform_name='s,x,x,'
psdir='${docdir}'
runstatedir='${localstatedir}/run'
sbindir='${exec_prefix}/sbin'
sharedstatedir='${prefix}/com'
sysconfdir='${prefix}/etc'
target_alias=''

## ----------- ##
## confdefs.h. ##
## ----------- ##

/* confdefs.h */
#define PACKAGE_NAME "iperf"
#define PACKAGE_TARNAME "iperf"
#define PACKAGE_VERSION "3.13"
#define PACKAGE_STRING "iperf 3.13"
#define PACKAGE_BUGREPORT "https://github.com/esnet/iperf"
#define PACKAGE_URL "https://software.es.net/iperf/"
#define PACKAGE "iperf"
#define VERSION "3.13"
#define HAVE_STDIO_H 1
#define HAVE_STDLIB_H 1
#define HAVE_STRING_H 1
#define HAVE_INTTYPES_H 1
#define HAVE_STDINT_H 1
#define HAVE_STRINGS_H 1
#define HAVE_SYS_STAT_H 1
#define HAVE_SYS_TYPES_H 1
#define HAVE_UNISTD_H 1
#define STDC_HEADERS 1
#define HAVE_DLFCN_H 1
#define LT_OBJDIR ".libs/"
#define HAVE_POLL_H 1
#define HAVE_LINUX_TCP_H 1
#define HAVE_ENDIAN_H 1
#define HAVE_TCP_CONGESTION 1
#define HAVE_TCP_USER_TIMEOUT 1
#define HAVE_FLOWLABEL 1
#define HAVE_SCHED_SETAFFINITY 1
#define HAVE_CPU_AFFINITY 1
#define HAVE_DAEMON 1
#define HAVE_SENDFILE 1
#define HAVE_GETLINE 1
#define HAVE_SO_MAX_PACING_RATE 1
#define HAVE_SO_BINDTODEVICE 1
#define HAVE_IP_MTU_DISCOVER 1
#define HAVE_DONT_FRAGMENT 1
#define HAVE_TCP_INFO_SND_WND 1
#define HAVE_CLOCK_GETTIME 1

configure: exit 0
